03-02-2023 14:59:13 - executor - INFO - _welcome - Bot: colorhelper [@colorhelper_bot]
03-02-2023 14:59:13 - dispatcher - INFO - start_polling - Start polling.
03-02-2023 17:27:57 - dispatcher - ERROR - start_polling - Cause exception while getting updates.
Traceback (most recent call last):
  File "C:\Users\alexa\OneDrive\Desktop\GB Python\tic_tac_toe_telegram\hello\Lib\site-packages\aiogram\dispatcher\dispatcher.py", line 381, in start_polling
    updates = await self.bot.get_updates(
              ^^^^^^^^^^^^^^^^^^^^^^^^^^^
  File "C:\Users\alexa\OneDrive\Desktop\GB Python\tic_tac_toe_telegram\hello\Lib\site-packages\aiogram\bot\bot.py", line 110, in get_updates
    result = await self.request(api.Methods.GET_UPDATES, payload)
             ^^^^^^^^^^^^^^^^^^^^^^^^^^^^^^^^^^^^^^^^^^^^^^^^^^^^
  File "C:\Users\alexa\OneDrive\Desktop\GB Python\tic_tac_toe_telegram\hello\Lib\site-packages\aiogram\bot\base.py", line 236, in request
    return await api.make_request(await self.get_session(), self.server, self.__token, method, data, files,
           ^^^^^^^^^^^^^^^^^^^^^^^^^^^^^^^^^^^^^^^^^^^^^^^^^^^^^^^^^^^^^^^^^^^^^^^^^^^^^^^^^^^^^^^^^^^^^^^^
  File "C:\Users\alexa\OneDrive\Desktop\GB Python\tic_tac_toe_telegram\hello\Lib\site-packages\aiogram\bot\api.py", line 140, in make_request
    return check_result(method, response.content_type, response.status, await response.text())
           ^^^^^^^^^^^^^^^^^^^^^^^^^^^^^^^^^^^^^^^^^^^^^^^^^^^^^^^^^^^^^^^^^^^^^^^^^^^^^^^^^^^
  File "C:\Users\alexa\OneDrive\Desktop\GB Python\tic_tac_toe_telegram\hello\Lib\site-packages\aiogram\bot\api.py", line 119, in check_result
    exceptions.ConflictError.detect(description)
  File "C:\Users\alexa\OneDrive\Desktop\GB Python\tic_tac_toe_telegram\hello\Lib\site-packages\aiogram\utils\exceptions.py", line 140, in detect
    raise err(cls.text or description)
aiogram.utils.exceptions.TerminatedByOtherGetUpdates: Terminated by other getupdates request; make sure that only one bot instance is running
03-02-2023 17:28:08 - dispatcher - ERROR - start_polling - Cause exception while getting updates.
Traceback (most recent call last):
  File "C:\Users\alexa\OneDrive\Desktop\GB Python\tic_tac_toe_telegram\hello\Lib\site-packages\aiogram\dispatcher\dispatcher.py", line 381, in start_polling
    updates = await self.bot.get_updates(
              ^^^^^^^^^^^^^^^^^^^^^^^^^^^
  File "C:\Users\alexa\OneDrive\Desktop\GB Python\tic_tac_toe_telegram\hello\Lib\site-packages\aiogram\bot\bot.py", line 110, in get_updates
    result = await self.request(api.Methods.GET_UPDATES, payload)
             ^^^^^^^^^^^^^^^^^^^^^^^^^^^^^^^^^^^^^^^^^^^^^^^^^^^^
  File "C:\Users\alexa\OneDrive\Desktop\GB Python\tic_tac_toe_telegram\hello\Lib\site-packages\aiogram\bot\base.py", line 236, in request
    return await api.make_request(await self.get_session(), self.server, self.__token, method, data, files,
           ^^^^^^^^^^^^^^^^^^^^^^^^^^^^^^^^^^^^^^^^^^^^^^^^^^^^^^^^^^^^^^^^^^^^^^^^^^^^^^^^^^^^^^^^^^^^^^^^
  File "C:\Users\alexa\OneDrive\Desktop\GB Python\tic_tac_toe_telegram\hello\Lib\site-packages\aiogram\bot\api.py", line 140, in make_request
    return check_result(method, response.content_type, response.status, await response.text())
           ^^^^^^^^^^^^^^^^^^^^^^^^^^^^^^^^^^^^^^^^^^^^^^^^^^^^^^^^^^^^^^^^^^^^^^^^^^^^^^^^^^^
  File "C:\Users\alexa\OneDrive\Desktop\GB Python\tic_tac_toe_telegram\hello\Lib\site-packages\aiogram\bot\api.py", line 119, in check_result
    exceptions.ConflictError.detect(description)
  File "C:\Users\alexa\OneDrive\Desktop\GB Python\tic_tac_toe_telegram\hello\Lib\site-packages\aiogram\utils\exceptions.py", line 140, in detect
    raise err(cls.text or description)
aiogram.utils.exceptions.TerminatedByOtherGetUpdates: Terminated by other getupdates request; make sure that only one bot instance is running
03-02-2023 17:28:20 - dispatcher - ERROR - start_polling - Cause exception while getting updates.
Traceback (most recent call last):
  File "C:\Users\alexa\OneDrive\Desktop\GB Python\tic_tac_toe_telegram\hello\Lib\site-packages\aiogram\dispatcher\dispatcher.py", line 381, in start_polling
    updates = await self.bot.get_updates(
              ^^^^^^^^^^^^^^^^^^^^^^^^^^^
  File "C:\Users\alexa\OneDrive\Desktop\GB Python\tic_tac_toe_telegram\hello\Lib\site-packages\aiogram\bot\bot.py", line 110, in get_updates
    result = await self.request(api.Methods.GET_UPDATES, payload)
             ^^^^^^^^^^^^^^^^^^^^^^^^^^^^^^^^^^^^^^^^^^^^^^^^^^^^
  File "C:\Users\alexa\OneDrive\Desktop\GB Python\tic_tac_toe_telegram\hello\Lib\site-packages\aiogram\bot\base.py", line 236, in request
    return await api.make_request(await self.get_session(), self.server, self.__token, method, data, files,
           ^^^^^^^^^^^^^^^^^^^^^^^^^^^^^^^^^^^^^^^^^^^^^^^^^^^^^^^^^^^^^^^^^^^^^^^^^^^^^^^^^^^^^^^^^^^^^^^^
  File "C:\Users\alexa\OneDrive\Desktop\GB Python\tic_tac_toe_telegram\hello\Lib\site-packages\aiogram\bot\api.py", line 140, in make_request
    return check_result(method, response.content_type, response.status, await response.text())
           ^^^^^^^^^^^^^^^^^^^^^^^^^^^^^^^^^^^^^^^^^^^^^^^^^^^^^^^^^^^^^^^^^^^^^^^^^^^^^^^^^^^
  File "C:\Users\alexa\OneDrive\Desktop\GB Python\tic_tac_toe_telegram\hello\Lib\site-packages\aiogram\bot\api.py", line 119, in check_result
    exceptions.ConflictError.detect(description)
  File "C:\Users\alexa\OneDrive\Desktop\GB Python\tic_tac_toe_telegram\hello\Lib\site-packages\aiogram\utils\exceptions.py", line 140, in detect
    raise err(cls.text or description)
aiogram.utils.exceptions.TerminatedByOtherGetUpdates: Terminated by other getupdates request; make sure that only one bot instance is running
03-02-2023 17:28:30 - dispatcher - ERROR - start_polling - Cause exception while getting updates.
Traceback (most recent call last):
  File "C:\Users\alexa\OneDrive\Desktop\GB Python\tic_tac_toe_telegram\hello\Lib\site-packages\aiogram\dispatcher\dispatcher.py", line 381, in start_polling
    updates = await self.bot.get_updates(
              ^^^^^^^^^^^^^^^^^^^^^^^^^^^
  File "C:\Users\alexa\OneDrive\Desktop\GB Python\tic_tac_toe_telegram\hello\Lib\site-packages\aiogram\bot\bot.py", line 110, in get_updates
    result = await self.request(api.Methods.GET_UPDATES, payload)
             ^^^^^^^^^^^^^^^^^^^^^^^^^^^^^^^^^^^^^^^^^^^^^^^^^^^^
  File "C:\Users\alexa\OneDrive\Desktop\GB Python\tic_tac_toe_telegram\hello\Lib\site-packages\aiogram\bot\base.py", line 236, in request
    return await api.make_request(await self.get_session(), self.server, self.__token, method, data, files,
           ^^^^^^^^^^^^^^^^^^^^^^^^^^^^^^^^^^^^^^^^^^^^^^^^^^^^^^^^^^^^^^^^^^^^^^^^^^^^^^^^^^^^^^^^^^^^^^^^
  File "C:\Users\alexa\OneDrive\Desktop\GB Python\tic_tac_toe_telegram\hello\Lib\site-packages\aiogram\bot\api.py", line 140, in make_request
    return check_result(method, response.content_type, response.status, await response.text())
           ^^^^^^^^^^^^^^^^^^^^^^^^^^^^^^^^^^^^^^^^^^^^^^^^^^^^^^^^^^^^^^^^^^^^^^^^^^^^^^^^^^^
  File "C:\Users\alexa\OneDrive\Desktop\GB Python\tic_tac_toe_telegram\hello\Lib\site-packages\aiogram\bot\api.py", line 119, in check_result
    exceptions.ConflictError.detect(description)
  File "C:\Users\alexa\OneDrive\Desktop\GB Python\tic_tac_toe_telegram\hello\Lib\site-packages\aiogram\utils\exceptions.py", line 140, in detect
    raise err(cls.text or description)
aiogram.utils.exceptions.TerminatedByOtherGetUpdates: Terminated by other getupdates request; make sure that only one bot instance is running
03-02-2023 17:28:40 - dispatcher - ERROR - start_polling - Cause exception while getting updates.
Traceback (most recent call last):
  File "C:\Users\alexa\OneDrive\Desktop\GB Python\tic_tac_toe_telegram\hello\Lib\site-packages\aiogram\dispatcher\dispatcher.py", line 381, in start_polling
    updates = await self.bot.get_updates(
              ^^^^^^^^^^^^^^^^^^^^^^^^^^^
  File "C:\Users\alexa\OneDrive\Desktop\GB Python\tic_tac_toe_telegram\hello\Lib\site-packages\aiogram\bot\bot.py", line 110, in get_updates
    result = await self.request(api.Methods.GET_UPDATES, payload)
             ^^^^^^^^^^^^^^^^^^^^^^^^^^^^^^^^^^^^^^^^^^^^^^^^^^^^
  File "C:\Users\alexa\OneDrive\Desktop\GB Python\tic_tac_toe_telegram\hello\Lib\site-packages\aiogram\bot\base.py", line 236, in request
    return await api.make_request(await self.get_session(), self.server, self.__token, method, data, files,
           ^^^^^^^^^^^^^^^^^^^^^^^^^^^^^^^^^^^^^^^^^^^^^^^^^^^^^^^^^^^^^^^^^^^^^^^^^^^^^^^^^^^^^^^^^^^^^^^^
  File "C:\Users\alexa\OneDrive\Desktop\GB Python\tic_tac_toe_telegram\hello\Lib\site-packages\aiogram\bot\api.py", line 140, in make_request
    return check_result(method, response.content_type, response.status, await response.text())
           ^^^^^^^^^^^^^^^^^^^^^^^^^^^^^^^^^^^^^^^^^^^^^^^^^^^^^^^^^^^^^^^^^^^^^^^^^^^^^^^^^^^
  File "C:\Users\alexa\OneDrive\Desktop\GB Python\tic_tac_toe_telegram\hello\Lib\site-packages\aiogram\bot\api.py", line 119, in check_result
    exceptions.ConflictError.detect(description)
  File "C:\Users\alexa\OneDrive\Desktop\GB Python\tic_tac_toe_telegram\hello\Lib\site-packages\aiogram\utils\exceptions.py", line 140, in detect
    raise err(cls.text or description)
aiogram.utils.exceptions.TerminatedByOtherGetUpdates: Terminated by other getupdates request; make sure that only one bot instance is running
03-02-2023 17:28:50 - dispatcher - ERROR - start_polling - Cause exception while getting updates.
Traceback (most recent call last):
  File "C:\Users\alexa\OneDrive\Desktop\GB Python\tic_tac_toe_telegram\hello\Lib\site-packages\aiogram\dispatcher\dispatcher.py", line 381, in start_polling
    updates = await self.bot.get_updates(
              ^^^^^^^^^^^^^^^^^^^^^^^^^^^
  File "C:\Users\alexa\OneDrive\Desktop\GB Python\tic_tac_toe_telegram\hello\Lib\site-packages\aiogram\bot\bot.py", line 110, in get_updates
    result = await self.request(api.Methods.GET_UPDATES, payload)
             ^^^^^^^^^^^^^^^^^^^^^^^^^^^^^^^^^^^^^^^^^^^^^^^^^^^^
  File "C:\Users\alexa\OneDrive\Desktop\GB Python\tic_tac_toe_telegram\hello\Lib\site-packages\aiogram\bot\base.py", line 236, in request
    return await api.make_request(await self.get_session(), self.server, self.__token, method, data, files,
           ^^^^^^^^^^^^^^^^^^^^^^^^^^^^^^^^^^^^^^^^^^^^^^^^^^^^^^^^^^^^^^^^^^^^^^^^^^^^^^^^^^^^^^^^^^^^^^^^
  File "C:\Users\alexa\OneDrive\Desktop\GB Python\tic_tac_toe_telegram\hello\Lib\site-packages\aiogram\bot\api.py", line 140, in make_request
    return check_result(method, response.content_type, response.status, await response.text())
           ^^^^^^^^^^^^^^^^^^^^^^^^^^^^^^^^^^^^^^^^^^^^^^^^^^^^^^^^^^^^^^^^^^^^^^^^^^^^^^^^^^^
  File "C:\Users\alexa\OneDrive\Desktop\GB Python\tic_tac_toe_telegram\hello\Lib\site-packages\aiogram\bot\api.py", line 119, in check_result
    exceptions.ConflictError.detect(description)
  File "C:\Users\alexa\OneDrive\Desktop\GB Python\tic_tac_toe_telegram\hello\Lib\site-packages\aiogram\utils\exceptions.py", line 140, in detect
    raise err(cls.text or description)
aiogram.utils.exceptions.TerminatedByOtherGetUpdates: Terminated by other getupdates request; make sure that only one bot instance is running
03-02-2023 17:29:00 - dispatcher - ERROR - start_polling - Cause exception while getting updates.
Traceback (most recent call last):
  File "C:\Users\alexa\OneDrive\Desktop\GB Python\tic_tac_toe_telegram\hello\Lib\site-packages\aiogram\dispatcher\dispatcher.py", line 381, in start_polling
    updates = await self.bot.get_updates(
              ^^^^^^^^^^^^^^^^^^^^^^^^^^^
  File "C:\Users\alexa\OneDrive\Desktop\GB Python\tic_tac_toe_telegram\hello\Lib\site-packages\aiogram\bot\bot.py", line 110, in get_updates
    result = await self.request(api.Methods.GET_UPDATES, payload)
             ^^^^^^^^^^^^^^^^^^^^^^^^^^^^^^^^^^^^^^^^^^^^^^^^^^^^
  File "C:\Users\alexa\OneDrive\Desktop\GB Python\tic_tac_toe_telegram\hello\Lib\site-packages\aiogram\bot\base.py", line 236, in request
    return await api.make_request(await self.get_session(), self.server, self.__token, method, data, files,
           ^^^^^^^^^^^^^^^^^^^^^^^^^^^^^^^^^^^^^^^^^^^^^^^^^^^^^^^^^^^^^^^^^^^^^^^^^^^^^^^^^^^^^^^^^^^^^^^^
  File "C:\Users\alexa\OneDrive\Desktop\GB Python\tic_tac_toe_telegram\hello\Lib\site-packages\aiogram\bot\api.py", line 140, in make_request
    return check_result(method, response.content_type, response.status, await response.text())
           ^^^^^^^^^^^^^^^^^^^^^^^^^^^^^^^^^^^^^^^^^^^^^^^^^^^^^^^^^^^^^^^^^^^^^^^^^^^^^^^^^^^
  File "C:\Users\alexa\OneDrive\Desktop\GB Python\tic_tac_toe_telegram\hello\Lib\site-packages\aiogram\bot\api.py", line 119, in check_result
    exceptions.ConflictError.detect(description)
  File "C:\Users\alexa\OneDrive\Desktop\GB Python\tic_tac_toe_telegram\hello\Lib\site-packages\aiogram\utils\exceptions.py", line 140, in detect
    raise err(cls.text or description)
aiogram.utils.exceptions.TerminatedByOtherGetUpdates: Terminated by other getupdates request; make sure that only one bot instance is running
03-02-2023 17:29:10 - dispatcher - ERROR - start_polling - Cause exception while getting updates.
Traceback (most recent call last):
  File "C:\Users\alexa\OneDrive\Desktop\GB Python\tic_tac_toe_telegram\hello\Lib\site-packages\aiogram\dispatcher\dispatcher.py", line 381, in start_polling
    updates = await self.bot.get_updates(
              ^^^^^^^^^^^^^^^^^^^^^^^^^^^
  File "C:\Users\alexa\OneDrive\Desktop\GB Python\tic_tac_toe_telegram\hello\Lib\site-packages\aiogram\bot\bot.py", line 110, in get_updates
    result = await self.request(api.Methods.GET_UPDATES, payload)
             ^^^^^^^^^^^^^^^^^^^^^^^^^^^^^^^^^^^^^^^^^^^^^^^^^^^^
  File "C:\Users\alexa\OneDrive\Desktop\GB Python\tic_tac_toe_telegram\hello\Lib\site-packages\aiogram\bot\base.py", line 236, in request
    return await api.make_request(await self.get_session(), self.server, self.__token, method, data, files,
           ^^^^^^^^^^^^^^^^^^^^^^^^^^^^^^^^^^^^^^^^^^^^^^^^^^^^^^^^^^^^^^^^^^^^^^^^^^^^^^^^^^^^^^^^^^^^^^^^
  File "C:\Users\alexa\OneDrive\Desktop\GB Python\tic_tac_toe_telegram\hello\Lib\site-packages\aiogram\bot\api.py", line 140, in make_request
    return check_result(method, response.content_type, response.status, await response.text())
           ^^^^^^^^^^^^^^^^^^^^^^^^^^^^^^^^^^^^^^^^^^^^^^^^^^^^^^^^^^^^^^^^^^^^^^^^^^^^^^^^^^^
  File "C:\Users\alexa\OneDrive\Desktop\GB Python\tic_tac_toe_telegram\hello\Lib\site-packages\aiogram\bot\api.py", line 119, in check_result
    exceptions.ConflictError.detect(description)
  File "C:\Users\alexa\OneDrive\Desktop\GB Python\tic_tac_toe_telegram\hello\Lib\site-packages\aiogram\utils\exceptions.py", line 140, in detect
    raise err(cls.text or description)
aiogram.utils.exceptions.TerminatedByOtherGetUpdates: Terminated by other getupdates request; make sure that only one bot instance is running
03-02-2023 20:55:13 - dispatcher - INFO - stop_polling - Stop polling...
03-02-2023 20:55:13 - executor - WARNING - start_polling - Goodbye!
05-02-2023 06:54:17 - executor - INFO - _welcome - Bot: colorhelper [@colorhelper_bot]
05-02-2023 06:54:17 - dispatcher - INFO - start_polling - Start polling.
05-02-2023 06:56:05 - dispatcher - INFO - stop_polling - Stop polling...
05-02-2023 06:56:05 - executor - WARNING - start_polling - Goodbye!
05-02-2023 06:56:10 - executor - INFO - _welcome - Bot: colorhelper [@colorhelper_bot]
05-02-2023 06:56:10 - dispatcher - INFO - start_polling - Start polling.
05-02-2023 07:00:42 - dispatcher - INFO - stop_polling - Stop polling...
05-02-2023 07:00:42 - executor - WARNING - start_polling - Goodbye!
05-02-2023 07:00:46 - executor - INFO - _welcome - Bot: colorhelper [@colorhelper_bot]
05-02-2023 07:00:46 - dispatcher - INFO - start_polling - Start polling.
05-02-2023 07:01:16 - dispatcher - INFO - stop_polling - Stop polling...
05-02-2023 07:01:16 - executor - WARNING - start_polling - Goodbye!
05-02-2023 07:01:20 - executor - INFO - _welcome - Bot: colorhelper [@colorhelper_bot]
05-02-2023 07:01:20 - dispatcher - INFO - start_polling - Start polling.
05-02-2023 07:01:49 - dispatcher - INFO - stop_polling - Stop polling...
05-02-2023 07:01:49 - executor - WARNING - start_polling - Goodbye!
05-02-2023 07:01:52 - executor - INFO - _welcome - Bot: colorhelper [@colorhelper_bot]
05-02-2023 07:01:52 - dispatcher - INFO - start_polling - Start polling.
05-02-2023 07:01:53 - base_events - ERROR - default_exception_handler - Task exception was never retrieved
future: <Task finished name='Task-7' coro=<Dispatcher._process_polling_updates() done, defined at C:\Users\alexa\OneDrive\Desktop\GB Python\tic_tac_toe_telegram\hello\Lib\site-packages\aiogram\dispatcher\dispatcher.py:407> exception=NameError("name 'tic_tac_toe_markup' is not defined")>
Traceback (most recent call last):
  File "C:\Users\alexa\OneDrive\Desktop\GB Python\tic_tac_toe_telegram\hello\Lib\site-packages\aiogram\dispatcher\dispatcher.py", line 415, in _process_polling_updates
    for responses in itertools.chain.from_iterable(await self.process_updates(updates, fast)):
                                                   ^^^^^^^^^^^^^^^^^^^^^^^^^^^^^^^^^^^^^^^^^
  File "C:\Users\alexa\OneDrive\Desktop\GB Python\tic_tac_toe_telegram\hello\Lib\site-packages\aiogram\dispatcher\dispatcher.py", line 235, in process_updates
    return await asyncio.gather(*tasks)
           ^^^^^^^^^^^^^^^^^^^^^^^^^^^^
  File "C:\Users\alexa\OneDrive\Desktop\GB Python\tic_tac_toe_telegram\hello\Lib\site-packages\aiogram\dispatcher\handler.py", line 117, in notify
    response = await handler_obj.handler(*args, **partial_data)
               ^^^^^^^^^^^^^^^^^^^^^^^^^^^^^^^^^^^^^^^^^^^^^^^^
  File "C:\Users\alexa\OneDrive\Desktop\GB Python\tic_tac_toe_telegram\hello\Lib\site-packages\aiogram\dispatcher\dispatcher.py", line 256, in process_update
    return await self.message_handlers.notify(update.message)
           ^^^^^^^^^^^^^^^^^^^^^^^^^^^^^^^^^^^^^^^^^^^^^^^^^^
  File "C:\Users\alexa\OneDrive\Desktop\GB Python\tic_tac_toe_telegram\hello\Lib\site-packages\aiogram\dispatcher\handler.py", line 117, in notify
    response = await handler_obj.handler(*args, **partial_data)
               ^^^^^^^^^^^^^^^^^^^^^^^^^^^^^^^^^^^^^^^^^^^^^^^^
  File "C:\Users\alexa\OneDrive\Desktop\GB Python\tic_tac_toe_telegram\main.py", line 48, in tic_tac_toe_start_game
    await message.answer("„V„€„t „y„s„‚„€„{„p x \n„B„r„u„t„y„„„u „ƒ„„„‚„€„{„…: ", reply_markup=tic_tac_toe_markup)
                                                                         ^^^^^^^^^^^^^^^^^^
NameError: name 'tic_tac_toe_markup' is not defined
05-02-2023 07:01:59 - dispatcher - INFO - stop_polling - Stop polling...
05-02-2023 07:01:59 - executor - WARNING - start_polling - Goodbye!
05-02-2023 07:02:02 - executor - INFO - _welcome - Bot: colorhelper [@colorhelper_bot]
05-02-2023 07:02:02 - dispatcher - INFO - start_polling - Start polling.
05-02-2023 07:02:05 - base_events - ERROR - default_exception_handler - Task exception was never retrieved
future: <Task finished name='Task-11' coro=<Dispatcher._process_polling_updates() done, defined at C:\Users\alexa\OneDrive\Desktop\GB Python\tic_tac_toe_telegram\hello\Lib\site-packages\aiogram\dispatcher\dispatcher.py:407> exception=NameError("name 'tic_tac_toe_markup' is not defined")>
Traceback (most recent call last):
  File "C:\Users\alexa\OneDrive\Desktop\GB Python\tic_tac_toe_telegram\hello\Lib\site-packages\aiogram\dispatcher\dispatcher.py", line 415, in _process_polling_updates
    for responses in itertools.chain.from_iterable(await self.process_updates(updates, fast)):
                                                   ^^^^^^^^^^^^^^^^^^^^^^^^^^^^^^^^^^^^^^^^^
  File "C:\Users\alexa\OneDrive\Desktop\GB Python\tic_tac_toe_telegram\hello\Lib\site-packages\aiogram\dispatcher\dispatcher.py", line 235, in process_updates
    return await asyncio.gather(*tasks)
           ^^^^^^^^^^^^^^^^^^^^^^^^^^^^
  File "C:\Users\alexa\OneDrive\Desktop\GB Python\tic_tac_toe_telegram\hello\Lib\site-packages\aiogram\dispatcher\handler.py", line 117, in notify
    response = await handler_obj.handler(*args, **partial_data)
               ^^^^^^^^^^^^^^^^^^^^^^^^^^^^^^^^^^^^^^^^^^^^^^^^
  File "C:\Users\alexa\OneDrive\Desktop\GB Python\tic_tac_toe_telegram\hello\Lib\site-packages\aiogram\dispatcher\dispatcher.py", line 256, in process_update
    return await self.message_handlers.notify(update.message)
           ^^^^^^^^^^^^^^^^^^^^^^^^^^^^^^^^^^^^^^^^^^^^^^^^^^
  File "C:\Users\alexa\OneDrive\Desktop\GB Python\tic_tac_toe_telegram\hello\Lib\site-packages\aiogram\dispatcher\handler.py", line 117, in notify
    response = await handler_obj.handler(*args, **partial_data)
               ^^^^^^^^^^^^^^^^^^^^^^^^^^^^^^^^^^^^^^^^^^^^^^^^
  File "C:\Users\alexa\OneDrive\Desktop\GB Python\tic_tac_toe_telegram\main.py", line 48, in tic_tac_toe_start_game
    await message.answer("„V„€„t „y„s„‚„€„{„p x \n„B„r„u„t„y„„„u „ƒ„„„‚„€„{„…: ", reply_markup=tic_tac_toe_markup)
                                                                         ^^^^^^^^^^^^^^^^^^
NameError: name 'tic_tac_toe_markup' is not defined
05-02-2023 07:02:12 - base_events - ERROR - default_exception_handler - Task exception was never retrieved
future: <Task finished name='Task-15' coro=<Dispatcher._process_polling_updates() done, defined at C:\Users\alexa\OneDrive\Desktop\GB Python\tic_tac_toe_telegram\hello\Lib\site-packages\aiogram\dispatcher\dispatcher.py:407> exception=NameError("name 'tic_tac_toe_markup' is not defined")>
Traceback (most recent call last):
  File "C:\Users\alexa\OneDrive\Desktop\GB Python\tic_tac_toe_telegram\hello\Lib\site-packages\aiogram\dispatcher\dispatcher.py", line 415, in _process_polling_updates
    for responses in itertools.chain.from_iterable(await self.process_updates(updates, fast)):
                                                   ^^^^^^^^^^^^^^^^^^^^^^^^^^^^^^^^^^^^^^^^^
  File "C:\Users\alexa\OneDrive\Desktop\GB Python\tic_tac_toe_telegram\hello\Lib\site-packages\aiogram\dispatcher\dispatcher.py", line 235, in process_updates
    return await asyncio.gather(*tasks)
           ^^^^^^^^^^^^^^^^^^^^^^^^^^^^
  File "C:\Users\alexa\OneDrive\Desktop\GB Python\tic_tac_toe_telegram\hello\Lib\site-packages\aiogram\dispatcher\handler.py", line 117, in notify
    response = await handler_obj.handler(*args, **partial_data)
               ^^^^^^^^^^^^^^^^^^^^^^^^^^^^^^^^^^^^^^^^^^^^^^^^
  File "C:\Users\alexa\OneDrive\Desktop\GB Python\tic_tac_toe_telegram\hello\Lib\site-packages\aiogram\dispatcher\dispatcher.py", line 256, in process_update
    return await self.message_handlers.notify(update.message)
           ^^^^^^^^^^^^^^^^^^^^^^^^^^^^^^^^^^^^^^^^^^^^^^^^^^
  File "C:\Users\alexa\OneDrive\Desktop\GB Python\tic_tac_toe_telegram\hello\Lib\site-packages\aiogram\dispatcher\handler.py", line 117, in notify
    response = await handler_obj.handler(*args, **partial_data)
               ^^^^^^^^^^^^^^^^^^^^^^^^^^^^^^^^^^^^^^^^^^^^^^^^
  File "C:\Users\alexa\OneDrive\Desktop\GB Python\tic_tac_toe_telegram\main.py", line 48, in tic_tac_toe_start_game
    await message.answer("„V„€„t „y„s„‚„€„{„p x \n„B„r„u„t„y„„„u „ƒ„„„‚„€„{„…: ", reply_markup=tic_tac_toe_markup)
                                                                         ^^^^^^^^^^^^^^^^^^
NameError: name 'tic_tac_toe_markup' is not defined
05-02-2023 07:02:27 - base_events - ERROR - default_exception_handler - Task exception was never retrieved
future: <Task finished name='Task-20' coro=<Dispatcher._process_polling_updates() done, defined at C:\Users\alexa\OneDrive\Desktop\GB Python\tic_tac_toe_telegram\hello\Lib\site-packages\aiogram\dispatcher\dispatcher.py:407> exception=NameError("name 'tic_tac_toe_markup' is not defined")>
Traceback (most recent call last):
  File "C:\Users\alexa\OneDrive\Desktop\GB Python\tic_tac_toe_telegram\hello\Lib\site-packages\aiogram\dispatcher\dispatcher.py", line 415, in _process_polling_updates
    for responses in itertools.chain.from_iterable(await self.process_updates(updates, fast)):
                                                   ^^^^^^^^^^^^^^^^^^^^^^^^^^^^^^^^^^^^^^^^^
  File "C:\Users\alexa\OneDrive\Desktop\GB Python\tic_tac_toe_telegram\hello\Lib\site-packages\aiogram\dispatcher\dispatcher.py", line 235, in process_updates
    return await asyncio.gather(*tasks)
           ^^^^^^^^^^^^^^^^^^^^^^^^^^^^
  File "C:\Users\alexa\OneDrive\Desktop\GB Python\tic_tac_toe_telegram\hello\Lib\site-packages\aiogram\dispatcher\handler.py", line 117, in notify
    response = await handler_obj.handler(*args, **partial_data)
               ^^^^^^^^^^^^^^^^^^^^^^^^^^^^^^^^^^^^^^^^^^^^^^^^
  File "C:\Users\alexa\OneDrive\Desktop\GB Python\tic_tac_toe_telegram\hello\Lib\site-packages\aiogram\dispatcher\dispatcher.py", line 256, in process_update
    return await self.message_handlers.notify(update.message)
           ^^^^^^^^^^^^^^^^^^^^^^^^^^^^^^^^^^^^^^^^^^^^^^^^^^
  File "C:\Users\alexa\OneDrive\Desktop\GB Python\tic_tac_toe_telegram\hello\Lib\site-packages\aiogram\dispatcher\handler.py", line 117, in notify
    response = await handler_obj.handler(*args, **partial_data)
               ^^^^^^^^^^^^^^^^^^^^^^^^^^^^^^^^^^^^^^^^^^^^^^^^
  File "C:\Users\alexa\OneDrive\Desktop\GB Python\tic_tac_toe_telegram\main.py", line 48, in tic_tac_toe_start_game
NameError: name 'tic_tac_toe_markup' is not defined
05-02-2023 07:02:32 - dispatcher - INFO - stop_polling - Stop polling...
05-02-2023 07:02:32 - executor - WARNING - start_polling - Goodbye!
05-02-2023 07:02:36 - executor - INFO - _welcome - Bot: colorhelper [@colorhelper_bot]
05-02-2023 07:02:36 - dispatcher - INFO - start_polling - Start polling.
05-02-2023 07:06:12 - dispatcher - INFO - stop_polling - Stop polling...
05-02-2023 07:06:12 - executor - WARNING - start_polling - Goodbye!
